<?xml version="1.0" encoding="UTF-8"?>
<!-- Generated by org.testng.reporters.JUnitReportReporter -->
<testsuite hostname="DESKTOP-8SKARJ9" failures="0" tests="1" name="RestAssuredSpotify.Spotify.SpotifyApi" time="3.348" errors="0" timestamp="2022-02-13T21:29:00 IST" skipped="0">
  <testcase classname="RestAssuredSpotify.Spotify.SpotifyApi" name="testPost_When_CreatePlaylist_ShouldReturnStatusCode201" time="3.348"/>
  <system-out/>
</testsuite> <!-- RestAssuredSpotify.Spotify.SpotifyApi -->
