<?xml version="1.0" encoding="UTF-8"?>
<!-- Generated by org.testng.reporters.JUnitReportReporter -->
<testsuite hostname="DESKTOP-8SKARJ9" failures="0" tests="1" name="RestAssuredSpotify.Spotify.AppTest" time="0.000" errors="0" timestamp="2022-02-13T20:35:44 IST" skipped="0">
  <testcase classname="RestAssuredSpotify.Spotify.AppTest" name="shouldAnswerWithTrue" time="0.000"/>
  <system-out/>
</testsuite> <!-- RestAssuredSpotify.Spotify.AppTest -->
